
  ▶  Writing deploy log to /Users/ingmuyleang/tunnl.gg/logs/deploy-api-20260408-010722.log
  ▶  Compiling Go API (linux/amd64) ...
  ✓  Binary: bin/mekong-api
  ✓  Version: v1.5.7-5-g9fac409-dirty
-rwxr-xr-x  1 ingmuyleang  staff    14M Apr  8 01:07 /Users/ingmuyleang/tunnl.gg/bin/mekong-api
  ▶  Uploading to root@139.59.108.158:2222:/opt/mekong/api/ ...
  ▶  'pv' not found locally; using chunked ssh upload progress logs ...
  ▶  Upload size: 15106210 bytes in 15 chunk(s) of up to 1048576 bytes
  ▶  Uploading chunk 1/15 (1048576 bytes) ...
  ✓  Uploaded chunk 1/15 (1048576/15106210 bytes, 6%)
  ▶  Uploading chunk 2/15 (1048576 bytes) ...
  ✓  Uploaded chunk 2/15 (2097152/15106210 bytes, 13%)
  ▶  Uploading chunk 3/15 (1048576 bytes) ...
  ✓  Uploaded chunk 3/15 (3145728/15106210 bytes, 20%)
  ▶  Uploading chunk 4/15 (1048576 bytes) ...
  ✓  Uploaded chunk 4/15 (4194304/15106210 bytes, 27%)
  ▶  Uploading chunk 5/15 (1048576 bytes) ...
  ✓  Uploaded chunk 5/15 (5242880/15106210 bytes, 34%)
  ▶  Uploading chunk 6/15 (1048576 bytes) ...
  ✓  Uploaded chunk 6/15 (6291456/15106210 bytes, 41%)
  ▶  Uploading chunk 7/15 (1048576 bytes) ...
  ✓  Uploaded chunk 7/15 (7340032/15106210 bytes, 48%)
  ▶  Uploading chunk 8/15 (1048576 bytes) ...
  ✓  Uploaded chunk 8/15 (8388608/15106210 bytes, 55%)
  ▶  Uploading chunk 9/15 (1048576 bytes) ...
  ✓  Uploaded chunk 9/15 (9437184/15106210 bytes, 62%)
  ▶  Uploading chunk 10/15 (1048576 bytes) ...
  ✓  Uploaded chunk 10/15 (10485760/15106210 bytes, 69%)
  ▶  Uploading chunk 11/15 (1048576 bytes) ...
  ✓  Uploaded chunk 11/15 (11534336/15106210 bytes, 76%)
  ▶  Uploading chunk 12/15 (1048576 bytes) ...
  ✓  Uploaded chunk 12/15 (12582912/15106210 bytes, 83%)
  ▶  Uploading chunk 13/15 (1048576 bytes) ...
  ✓  Uploaded chunk 13/15 (13631488/15106210 bytes, 90%)
  ▶  Uploading chunk 14/15 (1048576 bytes) ...
  ✓  Uploaded chunk 14/15 (14680064/15106210 bytes, 97%)
  ▶  Uploading chunk 15/15 (426146 bytes) ...
  ✓  Uploaded chunk 15/15 (15106210/15106210 bytes, 100%)
  ▶  Uploading migrations/ ...
  ✓  Migrations uploaded
  ✓  Upload complete
  ▶  Restarting mekong-api service ...
  ✓  Service is active
  ▶  Verifying public health endpoint ...
  ✓  Public health OK
  ▶  Verifying public route /api/cli/subdomains ...
  ✓  Public route exists (401 without auth is expected)
  ▶  Verifying public route /api/cli/domains ...
  ✓  Public custom-domain route exists (401 without auth is expected)
  ✅  API deploy complete — https://api.angkorsearch.dev

